timestamp: 2016-11-29T15:32:19.834894
CREATE TABLE web2py_session_start(
    id INTEGER PRIMARY KEY AUTOINCREMENT,
    locked CHAR(1),
    client_ip CHAR(64),
    created_datetime TIMESTAMP,
    modified_datetime TIMESTAMP,
    unique_key CHAR(64),
    session_data BLOB
);
success!
timestamp: 2016-11-29T15:32:20.000050
CREATE TABLE auth_user(
    id INTEGER PRIMARY KEY AUTOINCREMENT,
    first_name CHAR(128),
    last_name CHAR(128),
    email CHAR(512),
    password CHAR(512),
    registration_key CHAR(512),
    reset_password_key CHAR(512),
    registration_id CHAR(512)
);
success!
timestamp: 2016-11-29T15:32:20.164283
CREATE TABLE auth_group(
    id INTEGER PRIMARY KEY AUTOINCREMENT,
    role CHAR(512),
    description TEXT
);
success!
timestamp: 2016-11-29T15:32:20.331058
CREATE TABLE auth_membership(
    id INTEGER PRIMARY KEY AUTOINCREMENT,
    user_id INTEGER REFERENCES auth_user (id) ON DELETE CASCADE  ,
    group_id INTEGER REFERENCES auth_group (id) ON DELETE CASCADE  
);
success!
timestamp: 2016-11-29T15:32:20.475832
CREATE TABLE auth_permission(
    id INTEGER PRIMARY KEY AUTOINCREMENT,
    group_id INTEGER REFERENCES auth_group (id) ON DELETE CASCADE  ,
    name CHAR(512),
    table_name CHAR(512),
    record_id INTEGER
);
success!
timestamp: 2016-11-29T15:32:20.676203
CREATE TABLE auth_event(
    id INTEGER PRIMARY KEY AUTOINCREMENT,
    time_stamp TIMESTAMP,
    client_ip CHAR(512),
    user_id INTEGER REFERENCES auth_user (id) ON DELETE CASCADE  ,
    origin CHAR(512),
    description TEXT
);
success!
timestamp: 2016-11-29T15:32:20.887418
CREATE TABLE auth_cas(
    id INTEGER PRIMARY KEY AUTOINCREMENT,
    user_id INTEGER REFERENCES auth_user (id) ON DELETE CASCADE  ,
    created_on TIMESTAMP,
    service CHAR(512),
    ticket CHAR(512),
    renew CHAR(1)
);
success!
timestamp: 2016-11-29T15:32:21.093485
CREATE TABLE orders(
    id INTEGER PRIMARY KEY AUTOINCREMENT,
    user_name CHAR(512),
    created_on CHAR(512),
    amount CHAR(512),
    cart CHAR(512)
);
success!
timestamp: 2016-11-29T15:32:21.333276
CREATE TABLE product(
    id INTEGER PRIMARY KEY AUTOINCREMENT,
    product_name CHAR(512),
    quantity INTEGER,
    price DOUBLE,
    image CHAR(512),
    description TEXT
);
success!
timestamp: 2016-11-29T15:32:21.546323
CREATE TABLE customer_order(
    id INTEGER PRIMARY KEY AUTOINCREMENT,
    order_date CHAR(512),
    customer_info BLOB,
    transaction_token BLOB,
    cart BLOB
);
success!
timestamp: 2016-11-30T11:23:38.281000
CREATE TABLE web2py_session_5(
    id INTEGER PRIMARY KEY AUTOINCREMENT,
    locked CHAR(1),
    client_ip CHAR(64),
    created_datetime TIMESTAMP,
    modified_datetime TIMESTAMP,
    unique_key CHAR(64),
    session_data BLOB
);
success!
timestamp: 2017-07-24T22:56:41.137000
CREATE TABLE web2py_session_StMaryU(
    id INTEGER PRIMARY KEY AUTOINCREMENT,
    locked CHAR(1),
    client_ip CHAR(64),
    created_datetime TIMESTAMP,
    modified_datetime TIMESTAMP,
    unique_key CHAR(64),
    session_data BLOB
);
success!
timestamp: 2017-07-25T12:50:10.326000
CREATE TABLE student(
    id INTEGER PRIMARY KEY AUTOINCREMENT,
    name CHAR(512),
    birthday INTEGER,
    mailing TEXT,
    email TEXT,
    phone INTEGER,
    school TEXT,
    emergency TEXT
);
success!
timestamp: 2017-07-25T13:02:11.102000
ALTER TABLE student ADD gpa INTEGER;
success!
timestamp: 2017-07-25T13:06:48.342000
ALTER TABLE student ADD teacher TEXT;
success!
timestamp: 2017-07-26T12:35:54.687216
ALTER TABLE student ADD lname CHAR(512);
timestamp: 2017-07-26T12:35:54.689100
ALTER TABLE student ADD fname CHAR(512);
success!
success!
success!
success!
success!
success!
success!
success!
success!
timestamp: 2017-07-26T13:30:39.694763
CREATE TABLE post(
    id INTEGER PRIMARY KEY AUTOINCREMENT,
    user_email CHAR(512),
    post_content TEXT,
    created_on TIMESTAMP,
    updated_on TIMESTAMP,
    name CHAR(512)
);
success!
success!
success!
success!
success!
success!
success!
success!
success!
success!
success!
success!
success!
success!
success!
success!
success!
success!
success!
success!
success!
success!
success!
success!
success!
success!
success!
success!
success!
success!
success!
success!
success!
success!
success!
success!
success!
success!
success!
success!
success!
success!
success!
success!
success!
success!
success!
success!
success!
success!
success!
success!
success!
success!
success!
success!
success!
success!
success!
success!
success!
success!
success!
success!
success!
success!
success!
success!
success!
success!
success!
success!
success!
success!
success!
success!
success!
success!
success!
success!
success!
success!
success!
success!
success!
success!
success!
success!
success!
success!
success!
success!
success!
success!
success!
success!
success!
success!
success!
success!
success!
success!
success!
success!
success!
success!
success!
success!
success!
success!
success!
success!
success!
success!
success!
success!
success!
success!
success!
success!
success!
success!
success!
success!
success!
success!
success!
success!
success!
success!
success!
success!
success!
success!
success!
success!
success!
success!
success!
success!
success!
success!
success!
success!
success!
success!
success!
success!
success!
success!
success!
success!
success!
success!
success!
success!
success!
success!
success!
success!
success!
success!
success!
success!
success!
success!
success!
success!
success!
success!
success!
success!
success!
success!
success!
success!
success!
success!
success!
success!
success!
success!
success!
success!
success!
success!
success!
success!
success!
success!
success!
success!
success!
success!
success!
success!
success!
success!
success!
success!
success!
success!
success!
success!
success!
success!
success!
success!
success!
success!
success!
success!
success!
success!
success!
success!
success!
success!
success!
success!
success!
success!
success!
success!
success!
success!
success!
success!
success!
success!
success!
success!
success!
success!
success!
success!
success!
success!
success!
success!
success!
success!
success!
success!
success!
success!
success!
success!
success!
success!
success!
success!
success!
success!
success!
success!
success!
success!
success!
success!
success!
success!
success!
success!
success!
success!
success!
success!
success!
success!
success!
success!
success!
success!
success!
success!
success!
success!
success!
success!
success!
success!
success!
success!
success!
success!
success!
success!
success!
success!
success!
success!
success!
success!
success!
success!
timestamp: 2017-08-03T14:07:33.986000
ALTER TABLE post ADD firstname TEXT;
timestamp: 2017-08-03T14:07:34.069000
ALTER TABLE post ADD fname TEXT;
success!
success!
success!
success!
success!
success!
success!
success!
success!
success!
success!
success!
success!
success!
success!
success!
success!
success!
success!
success!
success!
success!
success!
success!
success!
success!
success!
success!
success!
success!
success!
success!
success!
success!
success!
success!
success!
success!
success!
success!
success!
success!
success!
success!
success!
success!
success!
success!
success!
success!
success!
success!
success!
success!
success!
success!
success!
success!
success!
success!
success!
success!
success!
success!
success!
success!
success!
success!
success!
success!
success!
success!
success!
success!
success!
success!
success!
success!
success!
success!
success!
success!
success!
success!
success!
success!
success!
success!
success!
success!
success!
success!
success!
success!
success!
success!
success!
timestamp: 2017-08-03T16:24:21.505000
ALTER TABLE post ADD lastname TEXT;
success!
success!
success!
success!
success!
success!
success!
success!
success!
success!
success!
success!
success!
success!
success!
success!
success!
success!
success!
success!
success!
success!
success!
success!
success!
success!
success!
success!
success!
success!
success!
success!
success!
success!
success!
success!
success!
success!
success!
success!
success!
success!
success!
success!
success!
success!
success!
success!
success!
success!
success!
success!
success!
success!
success!
success!
success!
success!
success!
success!
success!
success!
success!
success!
success!
success!
success!
success!
success!
success!
success!
success!
success!
success!
timestamp: 2017-08-03T17:29:29.656000
ALTER TABLE post ADD school TEXT;
timestamp: 2017-08-03T17:29:29.974000
ALTER TABLE post ADD emergency TEXT;
timestamp: 2017-08-03T17:29:30.017000
ALTER TABLE post ADD gpa TEXT;
timestamp: 2017-08-03T17:29:30.063000
ALTER TABLE post ADD teacher TEXT;
timestamp: 2017-08-03T17:29:30.104000
ALTER TABLE post ADD phone TEXT;
timestamp: 2017-08-03T17:29:30.149000
ALTER TABLE post ADD birthday TEXT;
timestamp: 2017-08-03T17:29:30.236000
ALTER TABLE post ADD mailing TEXT;
timestamp: 2017-08-03T17:29:30.296000
ALTER TABLE post ADD email TEXT;
success!
success!
success!
success!
success!
success!
success!
success!
success!
success!
success!
success!
success!
success!
success!
success!
success!
success!
success!
success!
success!
success!
success!
success!
success!
success!
success!
success!
success!
success!
success!
success!
success!
success!
success!
success!
